{
  "RSpec": {
    "coverage": {
      "/Users/DavidPapamichael/Coding/Makers/week_10/tech_tests/gilded_rose/spec/+5_dexterity_vest_spec.rb": {
        "lines": [
          null,
          null,
          1,
          1,
          null,
          1,
          1,
          1,
          1,
          3,
          1,
          null,
          null,
          1,
          1,
          1,
          5,
          1,
          null,
          null,
          1,
          1,
          1,
          3,
          1,
          null,
          null
        ]
      },
      "/Users/DavidPapamichael/Coding/Makers/week_10/tech_tests/gilded_rose/lib/gilded_rose.rb": {
        "lines": [
          null,
          null,
          1,
          1,
          null,
          1,
          18,
          null,
          null,
          1,
          44,
          44,
          22,
          20,
          null,
          null,
          22,
          21,
          21,
          12,
          10,
          null,
          12,
          6,
          null,
          null,
          null,
          null,
          44,
          44,
          10,
          7,
          6,
          4,
          null,
          null,
          1,
          null,
          null,
          3,
          null,
          null,
          null,
          null,
          null,
          1,
          null,
          1,
          0,
          null,
          null
        ]
      },
      "/Users/DavidPapamichael/Coding/Makers/week_10/tech_tests/gilded_rose/lib/item.rb": {
        "lines": [
          null,
          null,
          1,
          1,
          null,
          1,
          17,
          17,
          17,
          null,
          null,
          1,
          0,
          null,
          null
        ]
      },
      "/Users/DavidPapamichael/Coding/Makers/week_10/tech_tests/gilded_rose/spec/aged_brie_spec.rb": {
        "lines": [
          null,
          null,
          1,
          1,
          null,
          1,
          1,
          1,
          1,
          3,
          1,
          null,
          null,
          1,
          1,
          1,
          6,
          1,
          null,
          null,
          1,
          1,
          1,
          4,
          1,
          null,
          null
        ]
      },
      "/Users/DavidPapamichael/Coding/Makers/week_10/tech_tests/gilded_rose/spec/backstage_passes_to_a_TAFKAL80ETC_concert_spec.rb": {
        "lines": [
          null,
          null,
          1,
          1,
          null,
          1,
          1,
          1,
          1,
          3,
          1,
          null,
          null,
          1,
          1,
          1,
          5,
          1,
          null,
          null,
          1,
          1,
          1,
          4,
          1,
          null,
          null,
          1,
          1,
          1,
          1,
          1,
          null,
          null,
          1,
          1,
          1,
          3,
          1,
          null,
          null
        ]
      },
      "/Users/DavidPapamichael/Coding/Makers/week_10/tech_tests/gilded_rose/spec/elixir_of_the_mongoose_spec.rb": {
        "lines": [
          null,
          null,
          1,
          1,
          null,
          1,
          1,
          1,
          1,
          3,
          1,
          null,
          null,
          1,
          1,
          1,
          5,
          1,
          null,
          null,
          1,
          1,
          1,
          3,
          1,
          null,
          null
        ]
      },
      "/Users/DavidPapamichael/Coding/Makers/week_10/tech_tests/gilded_rose/spec/gilded_rose_spec.rb": {
        "lines": [
          null,
          null,
          1,
          null,
          1,
          1,
          1,
          1,
          1,
          1,
          null,
          null,
          null
        ]
      },
      "/Users/DavidPapamichael/Coding/Makers/week_10/tech_tests/gilded_rose/spec/item_spec.rb": {
        "lines": [
          null,
          null,
          1,
          null,
          1,
          1,
          1,
          null,
          null,
          null
        ]
      },
      "/Users/DavidPapamichael/Coding/Makers/week_10/tech_tests/gilded_rose/spec/sulfuras_hand_of_ragnaros_spec.rb": {
        "lines": [
          null,
          null,
          1,
          1,
          null,
          1,
          1,
          1,
          1,
          1,
          null,
          null,
          1,
          1,
          1,
          5,
          1,
          null,
          null,
          1,
          1,
          1,
          3,
          1,
          null,
          null
        ]
      }
    },
    "timestamp": 1582800524
  }
}
